<?xml version="1.0" encoding="UTF-8"?>
<testng-results ignored="0" total="3" passed="3" failed="0" skipped="0">
  <reporter-output>
  </reporter-output>
  <suite started-at="2024-02-23T10:48:52 GMT-05:00" name=" TestNg Regression Suite" finished-at="2024-02-23T10:49:00 GMT-05:00" duration-ms="7412">
    <groups>
    </groups>
    <test started-at="2024-02-23T10:48:52 GMT-05:00" name="Google Test" finished-at="2024-02-23T10:48:57 GMT-05:00" duration-ms="5086">
      <class name="testngsessions.GoogleTest">
        <test-method is-config="true" signature="setUp(java.lang.String,java.lang.String)[pri:0, instance:testngsessions.GoogleTest@3ebff828]" started-at="2024-02-23T10:48:52 GMT-05:00" name="setUp" finished-at="2024-02-23T10:48:56 GMT-05:00" duration-ms="4182" status="PASS">
          <params>
            <param index="0">
              <value>
                <![CDATA[https://www.google.com]]>
              </value>
            </param>
            <param index="1">
              <value>
                <![CDATA[chrome]]>
              </value>
            </param>
          </params>
          <reporter-output>
          </reporter-output>
        </test-method> <!-- setUp -->
        <test-method signature="googleTitle()[pri:0, instance:testngsessions.GoogleTest@3ebff828]" started-at="2024-02-23T10:48:56 GMT-05:00" name="googleTitle" finished-at="2024-02-23T10:48:56 GMT-05:00" duration-ms="44" status="PASS">
          <reporter-output>
          </reporter-output>
        </test-method> <!-- googleTitle -->
        <test-method signature="searchExistTest()[pri:0, instance:testngsessions.GoogleTest@3ebff828]" started-at="2024-02-23T10:48:56 GMT-05:00" name="searchExistTest" finished-at="2024-02-23T10:48:57 GMT-05:00" duration-ms="95" status="PASS">
          <reporter-output>
          </reporter-output>
        </test-method> <!-- searchExistTest -->
        <test-method is-config="true" signature="tearDown()[pri:0, instance:testngsessions.GoogleTest@3ebff828]" started-at="2024-02-23T10:48:57 GMT-05:00" name="tearDown" finished-at="2024-02-23T10:48:57 GMT-05:00" duration-ms="657" status="PASS">
          <reporter-output>
          </reporter-output>
        </test-method> <!-- tearDown -->
      </class> <!-- testngsessions.GoogleTest -->
    </test> <!-- Google Test -->
    <test started-at="2024-02-23T10:48:57 GMT-05:00" name="Amazon Test" finished-at="2024-02-23T10:49:00 GMT-05:00" duration-ms="2240">
      <class name="testngsessions.AmazonTest">
        <test-method is-config="true" signature="setUp(java.lang.String,java.lang.String)[pri:0, instance:testngsessions.AmazonTest@db44aa2]" started-at="2024-02-23T10:48:57 GMT-05:00" name="setUp" finished-at="2024-02-23T10:48:59 GMT-05:00" duration-ms="1756" status="PASS">
          <params>
            <param index="0">
              <value>
                <![CDATA[https://www.amazon.com]]>
              </value>
            </param>
            <param index="1">
              <value>
                <![CDATA[chrome]]>
              </value>
            </param>
          </params>
          <reporter-output>
          </reporter-output>
        </test-method> <!-- setUp -->
        <test-method signature="amazonTitle()[pri:0, instance:testngsessions.AmazonTest@db44aa2]" started-at="2024-02-23T10:48:59 GMT-05:00" name="amazonTitle" finished-at="2024-02-23T10:48:59 GMT-05:00" duration-ms="13" status="PASS">
          <reporter-output>
          </reporter-output>
        </test-method> <!-- amazonTitle -->
        <test-method is-config="true" signature="tearDown()[pri:0, instance:testngsessions.AmazonTest@db44aa2]" started-at="2024-02-23T10:48:59 GMT-05:00" name="tearDown" finished-at="2024-02-23T10:49:00 GMT-05:00" duration-ms="466" status="PASS">
          <reporter-output>
          </reporter-output>
        </test-method> <!-- tearDown -->
      </class> <!-- testngsessions.AmazonTest -->
    </test> <!-- Amazon Test -->
  </suite> <!--  TestNg Regression Suite -->
</testng-results>
